{"/Users/dhardy/Projects/npm/nestjs-sendgrid/lib/sendgrid-core.module.ts": {"path":"/Users/dhardy/Projects/npm/nestjs-sendgrid/lib/sendgrid-core.module.ts","statementMap":{"0":{"start":{"line":1,"column":0},"end":{"line":1,"column":79}},"1":{"start":{"line":3,"column":0},"end":{"line":3,"column":54}},"2":{"start":{"line":4,"column":0},"end":{"line":4,"column":86}},"3":{"start":{"line":5,"column":0},"end":{"line":5,"column":62}},"4":{"start":{"line":9,"column":31},"end":{"line":71,"column":null}},"5":{"start":{"line":11,"column":25},"end":{"line":11,"column":57}},"6":{"start":{"line":13,"column":8},"end":{"line":17,"column":10}},"7":{"start":{"line":21,"column":35},"end":{"line":25,"column":10}},"8":{"start":{"line":24,"column":60},"end":{"line":24,"column":89}},"9":{"start":{"line":27,"column":8},"end":{"line":32,"column":10}},"10":{"start":{"line":38,"column":8},"end":{"line":40,"column":null}},"11":{"start":{"line":39,"column":10},"end":{"line":39,"column":60}},"12":{"start":{"line":41,"column":25},"end":{"line":41,"column":73}},"13":{"start":{"line":42,"column":8},"end":{"line":48,"column":10}},"14":{"start":{"line":54,"column":8},"end":{"line":60,"column":null}},"15":{"start":{"line":55,"column":10},"end":{"line":59,"column":12}},"16":{"start":{"line":61,"column":23},"end":{"line":63,"column":10}},"17":{"start":{"line":64,"column":8},"end":{"line":69,"column":10}},"18":{"start":{"line":66,"column":71},"end":{"line":67,"column":null}},"19":{"start":{"line":67,"column":12},"end":{"line":67,"column":null}},"20":{"start":{"line":9,"column":13},"end":{"line":71,"column":null}},"21":{"start":{"line":9,"column":13},"end":{"line":9,"column":31}}},"fnMap":{"0":{"name":"(anonymous_8)","decl":{"start":{"line":10,"column":11},"end":{"line":10,"column":17}},"loc":{"start":{"line":10,"column":56},"end":{"line":18,"column":5}}},"1":{"name":"(anonymous_9)","decl":{"start":{"line":20,"column":11},"end":{"line":20,"column":17}},"loc":{"start":{"line":20,"column":66},"end":{"line":33,"column":5}}},"2":{"name":"(anonymous_10)","decl":{"start":{"line":24,"column":24},"end":{"line":24,"column":25}},"loc":{"start":{"line":24,"column":60},"end":{"line":24,"column":89}}},"3":{"name":"(anonymous_11)","decl":{"start":{"line":35,"column":12},"end":{"line":35,"column":18}},"loc":{"start":{"line":36,"column":43},"end":{"line":49,"column":7}}},"4":{"name":"(anonymous_12)","decl":{"start":{"line":51,"column":14},"end":{"line":51,"column":20}},"loc":{"start":{"line":52,"column":43},"end":{"line":70,"column":7}}},"5":{"name":"(anonymous_13)","decl":{"start":{"line":66,"column":22},"end":{"line":66,"column":29}},"loc":{"start":{"line":66,"column":71},"end":{"line":67,"column":null}}},"6":{"name":"(anonymous_14)","decl":{"start":{"line":66,"column":71},"end":{"line":66,"column":null}},"loc":{"start":{"line":66,"column":71},"end":{"line":67,"column":null}}}},"branchMap":{"0":{"loc":{"start":{"line":38,"column":8},"end":{"line":40,"column":null}},"type":"if","locations":[{"start":{"line":38,"column":8},"end":{"line":40,"column":null}},{"start":{"line":38,"column":8},"end":{"line":40,"column":null}}]},"1":{"loc":{"start":{"line":38,"column":12},"end":{"line":38,"column":31}},"type":"binary-expr","locations":[{"start":{"line":38,"column":12},"end":{"line":38,"column":31}},{"start":{"line":38,"column":35},"end":{"line":38,"column":53}}]},"2":{"loc":{"start":{"line":54,"column":8},"end":{"line":60,"column":null}},"type":"if","locations":[{"start":{"line":54,"column":8},"end":{"line":60,"column":null}},{"start":{"line":54,"column":8},"end":{"line":60,"column":null}}]},"3":{"loc":{"start":{"line":56,"column":20},"end":{"line":56,"column":34}},"type":"binary-expr","locations":[{"start":{"line":56,"column":20},"end":{"line":56,"column":34}},{"start":{"line":56,"column":38},"end":{"line":56,"column":40}}]},"4":{"loc":{"start":{"line":62,"column":11},"end":{"line":62,"column":27}},"type":"binary-expr","locations":[{"start":{"line":62,"column":11},"end":{"line":62,"column":27}},{"start":{"line":62,"column":31},"end":{"line":62,"column":50}}]}},"s":{"0":2,"1":2,"2":2,"3":2,"4":2,"5":5,"6":5,"7":2,"8":2,"9":2,"10":2,"11":1,"12":1,"13":1,"14":2,"15":1,"16":1,"17":1,"18":1,"19":1,"20":2,"21":2},"f":{"0":5,"1":2,"2":2,"3":2,"4":2,"5":1,"6":1},"b":{"0":[1,1],"1":[2,2],"2":[1,1],"3":[1,1],"4":[1,0]}}
,"/Users/dhardy/Projects/npm/nestjs-sendgrid/lib/sendgrid.module.ts": {"path":"/Users/dhardy/Projects/npm/nestjs-sendgrid/lib/sendgrid.module.ts","statementMap":{"0":{"start":{"line":1,"column":0},"end":{"line":1,"column":63}},"1":{"start":{"line":2,"column":0},"end":{"line":2,"column":60}},"2":{"start":{"line":7,"column":27},"end":{"line":21,"column":null}},"3":{"start":{"line":9,"column":4},"end":{"line":12,"column":6}},"4":{"start":{"line":16,"column":4},"end":{"line":19,"column":6}},"5":{"start":{"line":7,"column":13},"end":{"line":21,"column":null}},"6":{"start":{"line":7,"column":13},"end":{"line":7,"column":27}}},"fnMap":{"0":{"name":"(anonymous_1)","decl":{"start":{"line":8,"column":9},"end":{"line":8,"column":15}},"loc":{"start":{"line":8,"column":54},"end":{"line":13,"column":3}}},"1":{"name":"(anonymous_2)","decl":{"start":{"line":15,"column":9},"end":{"line":15,"column":15}},"loc":{"start":{"line":15,"column":64},"end":{"line":20,"column":3}}}},"branchMap":{},"s":{"0":2,"1":2,"2":2,"3":5,"4":2,"5":2,"6":2},"f":{"0":5,"1":2},"b":{}}
,"/Users/dhardy/Projects/npm/nestjs-sendgrid/lib/common/sendgrid.constants.ts": {"path":"/Users/dhardy/Projects/npm/nestjs-sendgrid/lib/common/sendgrid.constants.ts","statementMap":{"0":{"start":{"line":1,"column":13},"end":{"line":1,"column":63}},"1":{"start":{"line":2,"column":13},"end":{"line":2,"column":46}},"2":{"start":{"line":3,"column":13},"end":{"line":3,"column":48}}},"fnMap":{},"branchMap":{},"s":{"0":2,"1":2,"2":2},"f":{},"b":{}}
,"/Users/dhardy/Projects/npm/nestjs-sendgrid/lib/common/sendgrid.decorator.ts": {"path":"/Users/dhardy/Projects/npm/nestjs-sendgrid/lib/common/sendgrid.decorator.ts","statementMap":{"0":{"start":{"line":1,"column":0},"end":{"line":1,"column":40}},"1":{"start":{"line":2,"column":0},"end":{"line":2,"column":54}},"2":{"start":{"line":5,"column":2},"end":{"line":5,"column":32}},"3":{"start":{"line":4,"column":0},"end":{"line":4,"column":16}}},"fnMap":{"0":{"name":"InjectSendGrid","decl":{"start":{"line":4,"column":16},"end":{"line":4,"column":30}},"loc":{"start":{"line":4,"column":30},"end":{"line":6,"column":1}}}},"branchMap":{},"s":{"0":1,"1":1,"2":1,"3":1},"f":{"0":1},"b":{}}
,"/Users/dhardy/Projects/npm/nestjs-sendgrid/lib/common/sendgrid.util.ts": {"path":"/Users/dhardy/Projects/npm/nestjs-sendgrid/lib/common/sendgrid.util.ts","statementMap":{"0":{"start":{"line":2,"column":0},"end":{"line":2,"column":63}},"1":{"start":{"line":5,"column":17},"end":{"line":5,"column":45}},"2":{"start":{"line":6,"column":2},"end":{"line":6,"column":16}},"3":{"start":{"line":4,"column":0},"end":{"line":4,"column":16}}},"fnMap":{"0":{"name":"createSendGridClient","decl":{"start":{"line":4,"column":16},"end":{"line":4,"column":36}},"loc":{"start":{"line":4,"column":67},"end":{"line":7,"column":1}}}},"branchMap":{},"s":{"0":2,"1":7,"2":7,"3":2},"f":{"0":7},"b":{}}
,"/Users/dhardy/Projects/npm/nestjs-sendgrid/lib/providers/index.ts": {"path":"/Users/dhardy/Projects/npm/nestjs-sendgrid/lib/providers/index.ts","statementMap":{"0":{"start":{"line":1,"column":0},"end":{"line":1,"column":37}}},"fnMap":{},"branchMap":{},"s":{"0":2},"f":{},"b":{}}
,"/Users/dhardy/Projects/npm/nestjs-sendgrid/lib/providers/sendgrid.providers.ts": {"path":"/Users/dhardy/Projects/npm/nestjs-sendgrid/lib/providers/sendgrid.providers.ts","statementMap":{"0":{"start":{"line":3,"column":0},"end":{"line":3,"column":62}},"1":{"start":{"line":4,"column":0},"end":{"line":4,"column":63}},"2":{"start":{"line":9,"column":2},"end":{"line":12,"column":4}},"3":{"start":{"line":6,"column":0},"end":{"line":6,"column":16}}},"fnMap":{"0":{"name":"createSendGridProviders","decl":{"start":{"line":6,"column":16},"end":{"line":6,"column":39}},"loc":{"start":{"line":7,"column":32},"end":{"line":13,"column":1}}}},"branchMap":{},"s":{"0":2,"1":2,"2":5,"3":2},"f":{"0":5},"b":{}}
,"/Users/dhardy/Projects/npm/nestjs-sendgrid/lib/services/sendgrid.service.ts": {"path":"/Users/dhardy/Projects/npm/nestjs-sendgrid/lib/services/sendgrid.service.ts","statementMap":{"0":{"start":{"line":1,"column":0},"end":{"line":1,"column":52}},"1":{"start":{"line":2,"column":0},"end":{"line":2,"column":null}},"2":{"start":{"line":8,"column":0},"end":{"line":8,"column":71}},"3":{"start":{"line":13,"column":0},"end":{"line":13,"column":39}},"4":{"start":{"line":16,"column":0},"end":{"line":54,"column":null}},"5":{"start":{"line":19,"column":21},"end":{"line":19,"column":51}},"6":{"start":{"line":21,"column":4},"end":{"line":24,"column":null}},"7":{"start":{"line":23,"column":6},"end":{"line":23,"column":13}},"8":{"start":{"line":25,"column":4},"end":{"line":25,"column":30}},"9":{"start":{"line":34,"column":4},"end":{"line":38,"column":null}},"10":{"start":{"line":35,"column":6},"end":{"line":35,"column":107}},"11":{"start":{"line":35,"column":34},"end":{"line":35,"column":66}},"12":{"start":{"line":37,"column":6},"end":{"line":37,"column":71}},"13":{"start":{"line":45,"column":4},"end":{"line":45,"column":85}},"14":{"start":{"line":49,"column":4},"end":{"line":51,"column":null}},"15":{"start":{"line":50,"column":6},"end":{"line":50,"column":38}},"16":{"start":{"line":52,"column":4},"end":{"line":52,"column":57}},"17":{"start":{"line":16,"column":13},"end":{"line":54,"column":null}},"18":{"start":{"line":16,"column":13},"end":{"line":16,"column":28}}},"fnMap":{"0":{"name":"(anonymous_11)","decl":{"start":{"line":17,"column":2},"end":{"line":17,"column":null}},"loc":{"start":{"line":19,"column":51},"end":{"line":27,"column":3}}},"1":{"name":"(anonymous_12)","decl":{"start":{"line":29,"column":15},"end":{"line":29,"column":19}},"loc":{"start":{"line":32,"column":75},"end":{"line":39,"column":null}}},"2":{"name":"(anonymous_14)","decl":{"start":{"line":35,"column":27},"end":{"line":35,"column":28}},"loc":{"start":{"line":35,"column":34},"end":{"line":35,"column":66}}},"3":{"name":"(anonymous_15)","decl":{"start":{"line":41,"column":15},"end":{"line":41,"column":27}},"loc":{"start":{"line":43,"column":77},"end":{"line":46,"column":null}}},"4":{"name":"(anonymous_17)","decl":{"start":{"line":48,"column":10},"end":{"line":48,"column":34}},"loc":{"start":{"line":48,"column":66},"end":{"line":53,"column":3}}}},"branchMap":{"0":{"loc":{"start":{"line":21,"column":4},"end":{"line":24,"column":null}},"type":"if","locations":[{"start":{"line":21,"column":4},"end":{"line":24,"column":null}},{"start":{"line":21,"column":4},"end":{"line":24,"column":null}}]},"1":{"loc":{"start":{"line":21,"column":10},"end":{"line":21,"column":17}},"type":"binary-expr","locations":[{"start":{"line":21,"column":10},"end":{"line":21,"column":17}},{"start":{"line":21,"column":21},"end":{"line":21,"column":35}}]},"2":{"loc":{"start":{"line":34,"column":4},"end":{"line":38,"column":null}},"type":"if","locations":[{"start":{"line":34,"column":4},"end":{"line":38,"column":null}},{"start":{"line":34,"column":4},"end":{"line":38,"column":null}}]},"3":{"loc":{"start":{"line":49,"column":4},"end":{"line":51,"column":null}},"type":"if","locations":[{"start":{"line":49,"column":4},"end":{"line":51,"column":null}},{"start":{"line":49,"column":4},"end":{"line":51,"column":null}}]}},"s":{"0":2,"1":2,"2":2,"3":2,"4":2,"5":7,"6":7,"7":0,"8":7,"9":2,"10":1,"11":2,"12":1,"13":1,"14":4,"15":4,"16":0,"17":2,"18":2},"f":{"0":7,"1":2,"2":2,"3":1,"4":4},"b":{"0":[0,7],"1":[7,7],"2":[1,1],"3":[4,0]}}
}
