TN:
SF:lib/sendgrid-core.module.ts
FN:10,(anonymous_8)
FN:20,(anonymous_9)
FN:24,(anonymous_10)
FN:35,(anonymous_11)
FN:51,(anonymous_12)
FN:66,(anonymous_13)
FN:66,(anonymous_14)
FNF:7
FNH:7
FNDA:5,(anonymous_8)
FNDA:2,(anonymous_9)
FNDA:2,(anonymous_10)
FNDA:2,(anonymous_11)
FNDA:2,(anonymous_12)
FNDA:1,(anonymous_13)
FNDA:1,(anonymous_14)
DA:1,2
DA:3,2
DA:4,2
DA:5,2
DA:9,2
DA:11,5
DA:13,5
DA:21,2
DA:24,2
DA:27,2
DA:38,2
DA:39,1
DA:41,1
DA:42,1
DA:54,2
DA:55,1
DA:61,1
DA:64,1
DA:66,1
DA:67,1
LF:20
LH:20
BRDA:38,0,0,1
BRDA:38,0,1,1
BRDA:38,1,0,2
BRDA:38,1,1,2
BRDA:54,2,0,1
BRDA:54,2,1,1
BRDA:56,3,0,1
BRDA:56,3,1,1
BRDA:62,4,0,1
BRDA:62,4,1,0
BRF:10
BRH:9
end_of_record
TN:
SF:lib/sendgrid.module.ts
FN:8,(anonymous_1)
FN:15,(anonymous_2)
FNF:2
FNH:2
FNDA:5,(anonymous_1)
FNDA:2,(anonymous_2)
DA:1,2
DA:2,2
DA:7,2
DA:9,5
DA:16,2
LF:5
LH:5
BRF:0
BRH:0
end_of_record
TN:
SF:lib/common/sendgrid.constants.ts
FNF:0
FNH:0
DA:1,2
DA:2,2
DA:3,2
LF:3
LH:3
BRF:0
BRH:0
end_of_record
TN:
SF:lib/common/sendgrid.decorator.ts
FN:4,InjectSendGrid
FNF:1
FNH:1
FNDA:1,InjectSendGrid
DA:1,1
DA:2,1
DA:4,1
DA:5,1
LF:4
LH:4
BRF:0
BRH:0
end_of_record
TN:
SF:lib/common/sendgrid.util.ts
FN:4,createSendGridClient
FNF:1
FNH:1
FNDA:7,createSendGridClient
DA:2,2
DA:4,2
DA:5,7
DA:6,7
LF:4
LH:4
BRF:0
BRH:0
end_of_record
TN:
SF:lib/providers/index.ts
FNF:0
FNH:0
DA:1,2
LF:1
LH:1
BRF:0
BRH:0
end_of_record
TN:
SF:lib/providers/sendgrid.providers.ts
FN:6,createSendGridProviders
FNF:1
FNH:1
FNDA:5,createSendGridProviders
DA:3,2
DA:4,2
DA:6,2
DA:9,5
LF:4
LH:4
BRF:0
BRH:0
end_of_record
TN:
SF:lib/services/sendgrid.service.ts
FN:17,(anonymous_11)
FN:29,(anonymous_12)
FN:35,(anonymous_14)
FN:41,(anonymous_15)
FN:48,(anonymous_17)
FNF:5
FNH:5
FNDA:7,(anonymous_11)
FNDA:2,(anonymous_12)
FNDA:2,(anonymous_14)
FNDA:1,(anonymous_15)
FNDA:4,(anonymous_17)
DA:1,2
DA:2,2
DA:8,2
DA:13,2
DA:16,2
DA:19,7
DA:21,7
DA:23,0
DA:25,7
DA:34,2
DA:35,2
DA:37,1
DA:45,1
DA:49,4
DA:50,4
DA:52,0
LF:16
LH:14
BRDA:21,0,0,0
BRDA:21,0,1,7
BRDA:21,1,0,7
BRDA:21,1,1,7
BRDA:34,2,0,1
BRDA:34,2,1,1
BRDA:49,3,0,4
BRDA:49,3,1,0
BRF:8
BRH:6
end_of_record
